<?xml version="1.0" encoding="UTF-8"?>
<!-- Generated by org.testng.reporters.JUnitReportReporter -->
<testsuite hostname="LAPTOP-CQL946G0" name="assessments.Assessments1" tests="1" failures="0" timestamp="14 Aug 2023 10:59:28 GMT" time="0.536" errors="0">
  <testcase name="operation" time="0.536" classname="assessments.Assessments1"/>
</testsuite> <!-- assessments.Assessments1 -->
